May 25 2022 17:38:42
{"type":8192,"message":"Return type of Ai1wm_Recursive_Newline_Filter::accept() should either be compatible with FilterIterator::accept(): bool, or the #[\\ReturnTypeWillChange] attribute should be used to temporarily suppress the notice","file":"D:\\xampp\\htdocs\\wordpress1\\wp-content\\plugins\\all-in-one-wp-migration\\lib\\vendor\\servmask\\filter\\class-ai1wm-recursive-newline-filter.php","line":28}

May 25 2022 17:38:44
{"type":8192,"message":"Return type of Ai1wm_Recursive_Newline_Filter::accept() should either be compatible with FilterIterator::accept(): bool, or the #[\\ReturnTypeWillChange] attribute should be used to temporarily suppress the notice","file":"D:\\xampp\\htdocs\\wordpress1\\wp-content\\plugins\\all-in-one-wp-migration\\lib\\vendor\\servmask\\filter\\class-ai1wm-recursive-newline-filter.php","line":28}

May 25 2022 17:38:44
{"type":8192,"message":"Return type of Ai1wm_Recursive_Newline_Filter::accept() should either be compatible with FilterIterator::accept(): bool, or the #[\\ReturnTypeWillChange] attribute should be used to temporarily suppress the notice","file":"D:\\xampp\\htdocs\\wordpress1\\wp-content\\plugins\\all-in-one-wp-migration\\lib\\vendor\\servmask\\filter\\class-ai1wm-recursive-newline-filter.php","line":28}

May 25 2022 17:39:13
{"type":8192,"message":"Return type of Ai1wm_Recursive_Newline_Filter::accept() should either be compatible with FilterIterator::accept(): bool, or the #[\\ReturnTypeWillChange] attribute should be used to temporarily suppress the notice","file":"D:\\xampp\\htdocs\\wordpress1\\wp-content\\plugins\\all-in-one-wp-migration\\lib\\vendor\\servmask\\filter\\class-ai1wm-recursive-newline-filter.php","line":28}

May 25 2022 17:39:14
{"type":8192,"message":"Return type of Ai1wm_Recursive_Newline_Filter::accept() should either be compatible with FilterIterator::accept(): bool, or the #[\\ReturnTypeWillChange] attribute should be used to temporarily suppress the notice","file":"D:\\xampp\\htdocs\\wordpress1\\wp-content\\plugins\\all-in-one-wp-migration\\lib\\vendor\\servmask\\filter\\class-ai1wm-recursive-newline-filter.php","line":28}

May 25 2022 17:39:25
{"type":8192,"message":"Return type of Ai1wm_Recursive_Newline_Filter::accept() should either be compatible with FilterIterator::accept(): bool, or the #[\\ReturnTypeWillChange] attribute should be used to temporarily suppress the notice","file":"D:\\xampp\\htdocs\\wordpress1\\wp-content\\plugins\\all-in-one-wp-migration\\lib\\vendor\\servmask\\filter\\class-ai1wm-recursive-newline-filter.php","line":28}

May 25 2022 17:39:34
{"type":8192,"message":"Return type of Ai1wm_Recursive_Newline_Filter::accept() should either be compatible with FilterIterator::accept(): bool, or the #[\\ReturnTypeWillChange] attribute should be used to temporarily suppress the notice","file":"D:\\xampp\\htdocs\\wordpress1\\wp-content\\plugins\\all-in-one-wp-migration\\lib\\vendor\\servmask\\filter\\class-ai1wm-recursive-newline-filter.php","line":28}

May 25 2022 17:39:35
{"type":8192,"message":"Return type of Ai1wm_Recursive_Newline_Filter::accept() should either be compatible with FilterIterator::accept(): bool, or the #[\\ReturnTypeWillChange] attribute should be used to temporarily suppress the notice","file":"D:\\xampp\\htdocs\\wordpress1\\wp-content\\plugins\\all-in-one-wp-migration\\lib\\vendor\\servmask\\filter\\class-ai1wm-recursive-newline-filter.php","line":28}

May 25 2022 17:39:46
{"type":8192,"message":"Return type of Ai1wm_Recursive_Newline_Filter::accept() should either be compatible with FilterIterator::accept(): bool, or the #[\\ReturnTypeWillChange] attribute should be used to temporarily suppress the notice","file":"D:\\xampp\\htdocs\\wordpress1\\wp-content\\plugins\\all-in-one-wp-migration\\lib\\vendor\\servmask\\filter\\class-ai1wm-recursive-newline-filter.php","line":28}

May 25 2022 17:39:57
{"type":8192,"message":"Return type of Ai1wm_Recursive_Newline_Filter::accept() should either be compatible with FilterIterator::accept(): bool, or the #[\\ReturnTypeWillChange] attribute should be used to temporarily suppress the notice","file":"D:\\xampp\\htdocs\\wordpress1\\wp-content\\plugins\\all-in-one-wp-migration\\lib\\vendor\\servmask\\filter\\class-ai1wm-recursive-newline-filter.php","line":28}

May 25 2022 17:40:08
{"type":8192,"message":"Return type of Ai1wm_Recursive_Newline_Filter::accept() should either be compatible with FilterIterator::accept(): bool, or the #[\\ReturnTypeWillChange] attribute should be used to temporarily suppress the notice","file":"D:\\xampp\\htdocs\\wordpress1\\wp-content\\plugins\\all-in-one-wp-migration\\lib\\vendor\\servmask\\filter\\class-ai1wm-recursive-newline-filter.php","line":28}

May 25 2022 17:40:18
{"type":8192,"message":"Return type of Ai1wm_Recursive_Newline_Filter::accept() should either be compatible with FilterIterator::accept(): bool, or the #[\\ReturnTypeWillChange] attribute should be used to temporarily suppress the notice","file":"D:\\xampp\\htdocs\\wordpress1\\wp-content\\plugins\\all-in-one-wp-migration\\lib\\vendor\\servmask\\filter\\class-ai1wm-recursive-newline-filter.php","line":28}

May 25 2022 17:40:29
{"type":8192,"message":"Return type of Ai1wm_Recursive_Newline_Filter::accept() should either be compatible with FilterIterator::accept(): bool, or the #[\\ReturnTypeWillChange] attribute should be used to temporarily suppress the notice","file":"D:\\xampp\\htdocs\\wordpress1\\wp-content\\plugins\\all-in-one-wp-migration\\lib\\vendor\\servmask\\filter\\class-ai1wm-recursive-newline-filter.php","line":28}

May 25 2022 17:40:39
{"type":8192,"message":"Return type of Ai1wm_Recursive_Newline_Filter::accept() should either be compatible with FilterIterator::accept(): bool, or the #[\\ReturnTypeWillChange] attribute should be used to temporarily suppress the notice","file":"D:\\xampp\\htdocs\\wordpress1\\wp-content\\plugins\\all-in-one-wp-migration\\lib\\vendor\\servmask\\filter\\class-ai1wm-recursive-newline-filter.php","line":28}

May 25 2022 17:40:39
{"type":8192,"message":"Return type of Ai1wm_Recursive_Newline_Filter::accept() should either be compatible with FilterIterator::accept(): bool, or the #[\\ReturnTypeWillChange] attribute should be used to temporarily suppress the notice","file":"D:\\xampp\\htdocs\\wordpress1\\wp-content\\plugins\\all-in-one-wp-migration\\lib\\vendor\\servmask\\filter\\class-ai1wm-recursive-newline-filter.php","line":28}

May 25 2022 17:40:45
{"Number":8192,"Message":"Return type of ActionScheduler_DateTime::setTimezone($timezone) should either be compatible with DateTime::setTimezone(DateTimeZone $timezone): DateTime, or the #[\\ReturnTypeWillChange] attribute should be used to temporarily suppress the notice","File":"D:\\xampp\\htdocs\\wordpress1\\wp-content\\plugins\\wpforms-lite\\vendor\\woocommerce\\action-scheduler\\classes\\ActionScheduler_DateTime.php","Line":60}

May 25 2022 17:40:45
{"Number":8192,"Message":"Return type of ActionScheduler_DateTime::getOffset() should either be compatible with DateTime::getOffset(): int, or the #[\\ReturnTypeWillChange] attribute should be used to temporarily suppress the notice","File":"D:\\xampp\\htdocs\\wordpress1\\wp-content\\plugins\\wpforms-lite\\vendor\\woocommerce\\action-scheduler\\classes\\ActionScheduler_DateTime.php","Line":48}

May 25 2022 17:40:45
{"Number":8192,"Message":"Return type of ActionScheduler_DateTime::getTimestamp() should either be compatible with DateTime::getTimestamp(): int, or the #[\\ReturnTypeWillChange] attribute should be used to temporarily suppress the notice","File":"D:\\xampp\\htdocs\\wordpress1\\wp-content\\plugins\\wpforms-lite\\vendor\\woocommerce\\action-scheduler\\classes\\ActionScheduler_DateTime.php","Line":27}

May 25 2022 17:40:45
{"Number":8192,"Message":"DateTime::__construct(): Passing null to parameter #1 ($datetime) of type string is deprecated","File":"D:\\xampp\\htdocs\\wordpress1\\wp-content\\plugins\\wpforms-lite\\vendor\\woocommerce\\action-scheduler\\functions.php","Line":316}

May 25 2022 17:40:45
{"type":8192,"message":"Return type of Requests_Utility_CaseInsensitiveDictionary::getIterator() should either be compatible with IteratorAggregate::getIterator(): Traversable, or the #[\\ReturnTypeWillChange] attribute should be used to temporarily suppress the notice","file":"D:\\xampp\\htdocs\\wordpress1\\wp-includes\\Requests\\Utility\\CaseInsensitiveDictionary.php","line":91}

May 25 2022 17:41:32
{"type":8192,"message":"Return type of FS_Key_Value_Storage::count() should either be compatible with Countable::count(): int, or the #[\\ReturnTypeWillChange] attribute should be used to temporarily suppress the notice","file":"D:\\xampp\\htdocs\\wordpress1\\wp-content\\plugins\\the-events-calendar\\common\\vendor\\freemius\\includes\\managers\\class-fs-key-value-storage.php","line":389}

May 25 2022 17:41:35
{"type":8192,"message":"Return type of FS_Key_Value_Storage::count() should either be compatible with Countable::count(): int, or the #[\\ReturnTypeWillChange] attribute should be used to temporarily suppress the notice","file":"D:\\xampp\\htdocs\\wordpress1\\wp-content\\plugins\\the-events-calendar\\common\\vendor\\freemius\\includes\\managers\\class-fs-key-value-storage.php","line":389}

May 25 2022 17:41:37
{"type":8192,"message":"Return type of FS_Key_Value_Storage::count() should either be compatible with Countable::count(): int, or the #[\\ReturnTypeWillChange] attribute should be used to temporarily suppress the notice","file":"D:\\xampp\\htdocs\\wordpress1\\wp-content\\plugins\\the-events-calendar\\common\\vendor\\freemius\\includes\\managers\\class-fs-key-value-storage.php","line":389}

May 25 2022 17:41:45
{"type":8192,"message":"Return type of Requests_Utility_CaseInsensitiveDictionary::getIterator() should either be compatible with IteratorAggregate::getIterator(): Traversable, or the #[\\ReturnTypeWillChange] attribute should be used to temporarily suppress the notice","file":"D:\\xampp\\htdocs\\wordpress1\\wp-includes\\Requests\\Utility\\CaseInsensitiveDictionary.php","line":91}

